{"@timestamp":"2022-04-08T12:41:45.691+05:30","@version":"1","message":"HV000001: Hibernate Validator 6.2.2.Final","logger_name":"org.hibernate.validator.internal.util.Version","thread_name":"background-preinit","level":"INFO","level_value":20000}
{"@timestamp":"2022-04-08T12:41:45.713+05:30","@version":"1","message":"Starting UserServiceApplication using Java 11.0.3 on LTIN304580 with PID 20908 (C:\\Users\\894463\\Downloads\\TweetAppComponent2\\TweetAppComponent2\\UserService\\target\\classes started by 894463 in C:\\Users\\894463\\Downloads\\TweetAppComponent2\\TweetAppComponent2\\UserService)","logger_name":"com.iiht.tweetapp.UserServiceApplication","thread_name":"restartedMain","level":"INFO","level_value":20000}
{"@timestamp":"2022-04-08T12:41:45.716+05:30","@version":"1","message":"No active profile set, falling back to 1 default profile: \"default\"","logger_name":"com.iiht.tweetapp.UserServiceApplication","thread_name":"restartedMain","level":"INFO","level_value":20000}
{"@timestamp":"2022-04-08T12:41:45.790+05:30","@version":"1","message":"For additional web related logging consider setting the 'logging.level.web' property to 'DEBUG'","logger_name":"org.springframework.boot.devtools.env.DevToolsPropertyDefaultsPostProcessor","thread_name":"restartedMain","level":"INFO","level_value":20000}
{"@timestamp":"2022-04-08T12:41:47.388+05:30","@version":"1","message":"Bootstrapping Spring Data Reactive Cassandra repositories in DEFAULT mode.","logger_name":"org.springframework.data.repository.config.RepositoryConfigurationDelegate","thread_name":"restartedMain","level":"INFO","level_value":20000}
{"@timestamp":"2022-04-08T12:41:47.433+05:30","@version":"1","message":"Finished Spring Data repository scanning in 38 ms. Found 0 Reactive Cassandra repository interfaces.","logger_name":"org.springframework.data.repository.config.RepositoryConfigurationDelegate","thread_name":"restartedMain","level":"INFO","level_value":20000}
{"@timestamp":"2022-04-08T12:41:47.442+05:30","@version":"1","message":"Bootstrapping Spring Data Cassandra repositories in DEFAULT mode.","logger_name":"org.springframework.data.repository.config.RepositoryConfigurationDelegate","thread_name":"restartedMain","level":"INFO","level_value":20000}
{"@timestamp":"2022-04-08T12:41:47.475+05:30","@version":"1","message":"Finished Spring Data repository scanning in 32 ms. Found 1 Cassandra repository interfaces.","logger_name":"org.springframework.data.repository.config.RepositoryConfigurationDelegate","thread_name":"restartedMain","level":"INFO","level_value":20000}
{"@timestamp":"2022-04-08T12:41:48.175+05:30","@version":"1","message":"Tomcat initialized with port(s): 8082 (http)","logger_name":"org.springframework.boot.web.embedded.tomcat.TomcatWebServer","thread_name":"restartedMain","level":"INFO","level_value":20000}
{"@timestamp":"2022-04-08T12:41:48.187+05:30","@version":"1","message":"Initializing ProtocolHandler [\"http-nio-8082\"]","logger_name":"org.apache.coyote.http11.Http11NioProtocol","thread_name":"restartedMain","level":"INFO","level_value":20000}
{"@timestamp":"2022-04-08T12:41:48.188+05:30","@version":"1","message":"Starting service [Tomcat]","logger_name":"org.apache.catalina.core.StandardService","thread_name":"restartedMain","level":"INFO","level_value":20000}
{"@timestamp":"2022-04-08T12:41:48.189+05:30","@version":"1","message":"Starting Servlet engine: [Apache Tomcat/9.0.58]","logger_name":"org.apache.catalina.core.StandardEngine","thread_name":"restartedMain","level":"INFO","level_value":20000}
{"@timestamp":"2022-04-08T12:41:48.333+05:30","@version":"1","message":"Initializing Spring embedded WebApplicationContext","logger_name":"org.apache.catalina.core.ContainerBase.[Tomcat].[localhost].[/]","thread_name":"restartedMain","level":"INFO","level_value":20000}
{"@timestamp":"2022-04-08T12:41:48.334+05:30","@version":"1","message":"Root WebApplicationContext: initialization completed in 2544 ms","logger_name":"org.springframework.boot.web.servlet.context.ServletWebServerApplicationContext","thread_name":"restartedMain","level":"INFO","level_value":20000}
{"@timestamp":"2022-04-08T12:41:50.078+05:30","@version":"1","message":"Ignoring invalid contact point TweetAppcassandra:9042 (unknown host TweetAppcassandra)","logger_name":"com.datastax.oss.driver.internal.core.ContactPoints","thread_name":"restartedMain","level":"WARN","level_value":30000}
{"@timestamp":"2022-04-08T12:41:50.290+05:30","@version":"1","message":"DataStax Java driver for Apache Cassandra(R) (com.datastax.oss:java-driver-core) version 4.13.0","logger_name":"com.datastax.oss.driver.internal.core.DefaultMavenCoordinates","thread_name":"restartedMain","level":"INFO","level_value":20000}
{"@timestamp":"2022-04-08T12:41:50.986+05:30","@version":"1","message":"Using native clock for microsecond precision","logger_name":"com.datastax.oss.driver.internal.core.time.Clock","thread_name":"s0-admin-0","level":"INFO","level_value":20000}
{"@timestamp":"2022-04-08T12:41:50.989+05:30","@version":"1","message":"[s0] No contact points provided, defaulting to /127.0.0.1:9042","logger_name":"com.datastax.oss.driver.internal.core.metadata.MetadataManager","thread_name":"s0-admin-0","level":"INFO","level_value":20000}
{"@timestamp":"2022-04-08T12:41:52.123+05:30","@version":"1","message":"Unable to start LiveReload server","logger_name":"org.springframework.boot.devtools.autoconfigure.OptionalLiveReloadServer","thread_name":"restartedMain","level":"WARN","level_value":30000}
{"@timestamp":"2022-04-08T12:41:52.657+05:30","@version":"1","message":"Will not secure any request","logger_name":"org.springframework.security.web.DefaultSecurityFilterChain","thread_name":"restartedMain","level":"INFO","level_value":20000}
{"@timestamp":"2022-04-08T12:41:54.165+05:30","@version":"1","message":"Exposing 15 endpoint(s) beneath base path '/actuator'","logger_name":"org.springframework.boot.actuate.endpoint.web.EndpointLinksResolver","thread_name":"restartedMain","level":"INFO","level_value":20000}
{"@timestamp":"2022-04-08T12:41:54.211+05:30","@version":"1","message":"Starting ProtocolHandler [\"http-nio-8082\"]","logger_name":"org.apache.coyote.http11.Http11NioProtocol","thread_name":"restartedMain","level":"INFO","level_value":20000}
{"@timestamp":"2022-04-08T12:41:54.226+05:30","@version":"1","message":"Tomcat started on port(s): 8082 (http) with context path ''","logger_name":"org.springframework.boot.web.embedded.tomcat.TomcatWebServer","thread_name":"restartedMain","level":"INFO","level_value":20000}
{"@timestamp":"2022-04-08T12:41:54.241+05:30","@version":"1","message":"Started UserServiceApplication in 9.035 seconds (JVM running for 11.003)","logger_name":"com.iiht.tweetapp.UserServiceApplication","thread_name":"restartedMain","level":"INFO","level_value":20000}
{"@timestamp":"2022-04-08T12:41:54.315+05:30","@version":"1","message":"Initializing Spring DispatcherServlet 'dispatcherServlet'","logger_name":"org.apache.catalina.core.ContainerBase.[Tomcat].[localhost].[/]","thread_name":"http-nio-8082-exec-1","level":"INFO","level_value":20000}
{"@timestamp":"2022-04-08T12:41:54.315+05:30","@version":"1","message":"Initializing Servlet 'dispatcherServlet'","logger_name":"org.springframework.web.servlet.DispatcherServlet","thread_name":"http-nio-8082-exec-1","level":"INFO","level_value":20000}
{"@timestamp":"2022-04-08T12:41:54.319+05:30","@version":"1","message":"Completed initialization in 4 ms","logger_name":"org.springframework.web.servlet.DispatcherServlet","thread_name":"http-nio-8082-exec-1","level":"INFO","level_value":20000}
{"@timestamp":"2022-04-08T13:02:23.351+05:30","@version":"1","message":"inside user service to login","logger_name":"com.iiht.tweetapp.controller.UserServiceController","thread_name":"http-nio-8082-exec-8","level":"INFO","level_value":20000}
{"@timestamp":"2022-04-08T13:02:23.352+05:30","@version":"1","message":"inside user service implementation to login","logger_name":"com.iiht.tweetapp.seviceimpl.UserServiceImpl","thread_name":"http-nio-8082-exec-8","level":"INFO","level_value":20000}
{"@timestamp":"2022-04-08T13:02:23.352+05:30","@version":"1","message":"loading the user","logger_name":"com.iiht.tweetapp.seviceimpl.CustomerDetailsService","thread_name":"http-nio-8082-exec-8","level":"INFO","level_value":20000}
{"@timestamp":"2022-04-08T13:02:23.587+05:30","@version":"1","message":"login successful","logger_name":"com.iiht.tweetapp.seviceimpl.UserServiceImpl","thread_name":"http-nio-8082-exec-8","level":"INFO","level_value":20000}
{"@timestamp":"2022-04-08T13:08:22.023+05:30","@version":"1","message":"Application shutdown requested.","logger_name":"org.springframework.boot.admin.SpringApplicationAdminMXBeanRegistrar$SpringApplicationAdmin","thread_name":"RMI TCP Connection(37)-127.0.0.1","level":"INFO","level_value":20000}
{"@timestamp":"2022-04-08T13:08:38.042+05:30","@version":"1","message":"HV000001: Hibernate Validator 6.2.2.Final","logger_name":"org.hibernate.validator.internal.util.Version","thread_name":"background-preinit","level":"INFO","level_value":20000}
{"@timestamp":"2022-04-08T13:08:38.042+05:30","@version":"1","message":"Starting UserServiceApplication using Java 11.0.3 on LTIN304580 with PID 12836 (C:\\Users\\894463\\Downloads\\TweetAppComponent2\\TweetAppComponent2\\UserService\\target\\classes started by 894463 in C:\\Users\\894463\\Downloads\\TweetAppComponent2\\TweetAppComponent2\\UserService)","logger_name":"com.iiht.tweetapp.UserServiceApplication","thread_name":"restartedMain","level":"INFO","level_value":20000}
{"@timestamp":"2022-04-08T13:08:38.056+05:30","@version":"1","message":"No active profile set, falling back to 1 default profile: \"default\"","logger_name":"com.iiht.tweetapp.UserServiceApplication","thread_name":"restartedMain","level":"INFO","level_value":20000}
{"@timestamp":"2022-04-08T13:08:38.128+05:30","@version":"1","message":"For additional web related logging consider setting the 'logging.level.web' property to 'DEBUG'","logger_name":"org.springframework.boot.devtools.env.DevToolsPropertyDefaultsPostProcessor","thread_name":"restartedMain","level":"INFO","level_value":20000}
{"@timestamp":"2022-04-08T13:08:39.735+05:30","@version":"1","message":"Bootstrapping Spring Data Reactive Cassandra repositories in DEFAULT mode.","logger_name":"org.springframework.data.repository.config.RepositoryConfigurationDelegate","thread_name":"restartedMain","level":"INFO","level_value":20000}
{"@timestamp":"2022-04-08T13:08:39.786+05:30","@version":"1","message":"Finished Spring Data repository scanning in 42 ms. Found 0 Reactive Cassandra repository interfaces.","logger_name":"org.springframework.data.repository.config.RepositoryConfigurationDelegate","thread_name":"restartedMain","level":"INFO","level_value":20000}
{"@timestamp":"2022-04-08T13:08:39.794+05:30","@version":"1","message":"Bootstrapping Spring Data Cassandra repositories in DEFAULT mode.","logger_name":"org.springframework.data.repository.config.RepositoryConfigurationDelegate","thread_name":"restartedMain","level":"INFO","level_value":20000}
{"@timestamp":"2022-04-08T13:08:39.826+05:30","@version":"1","message":"Finished Spring Data repository scanning in 31 ms. Found 1 Cassandra repository interfaces.","logger_name":"org.springframework.data.repository.config.RepositoryConfigurationDelegate","thread_name":"restartedMain","level":"INFO","level_value":20000}
{"@timestamp":"2022-04-08T13:08:40.631+05:30","@version":"1","message":"Tomcat initialized with port(s): 8082 (http)","logger_name":"org.springframework.boot.web.embedded.tomcat.TomcatWebServer","thread_name":"restartedMain","level":"INFO","level_value":20000}
{"@timestamp":"2022-04-08T13:08:40.651+05:30","@version":"1","message":"Initializing ProtocolHandler [\"http-nio-8082\"]","logger_name":"org.apache.coyote.http11.Http11NioProtocol","thread_name":"restartedMain","level":"INFO","level_value":20000}
{"@timestamp":"2022-04-08T13:08:40.653+05:30","@version":"1","message":"Starting service [Tomcat]","logger_name":"org.apache.catalina.core.StandardService","thread_name":"restartedMain","level":"INFO","level_value":20000}
{"@timestamp":"2022-04-08T13:08:40.653+05:30","@version":"1","message":"Starting Servlet engine: [Apache Tomcat/9.0.58]","logger_name":"org.apache.catalina.core.StandardEngine","thread_name":"restartedMain","level":"INFO","level_value":20000}
{"@timestamp":"2022-04-08T13:08:40.850+05:30","@version":"1","message":"Initializing Spring embedded WebApplicationContext","logger_name":"org.apache.catalina.core.ContainerBase.[Tomcat].[localhost].[/]","thread_name":"restartedMain","level":"INFO","level_value":20000}
{"@timestamp":"2022-04-08T13:08:40.851+05:30","@version":"1","message":"Root WebApplicationContext: initialization completed in 2722 ms","logger_name":"org.springframework.boot.web.servlet.context.ServletWebServerApplicationContext","thread_name":"restartedMain","level":"INFO","level_value":20000}
{"@timestamp":"2022-04-08T13:08:42.632+05:30","@version":"1","message":"Ignoring invalid contact point TweetAppcassandra:9042 (unknown host TweetAppcassandra)","logger_name":"com.datastax.oss.driver.internal.core.ContactPoints","thread_name":"restartedMain","level":"WARN","level_value":30000}
{"@timestamp":"2022-04-08T13:08:42.882+05:30","@version":"1","message":"DataStax Java driver for Apache Cassandra(R) (com.datastax.oss:java-driver-core) version 4.13.0","logger_name":"com.datastax.oss.driver.internal.core.DefaultMavenCoordinates","thread_name":"restartedMain","level":"INFO","level_value":20000}
{"@timestamp":"2022-04-08T13:08:43.564+05:30","@version":"1","message":"Using native clock for microsecond precision","logger_name":"com.datastax.oss.driver.internal.core.time.Clock","thread_name":"s0-admin-0","level":"INFO","level_value":20000}
{"@timestamp":"2022-04-08T13:08:43.571+05:30","@version":"1","message":"[s0] No contact points provided, defaulting to /127.0.0.1:9042","logger_name":"com.datastax.oss.driver.internal.core.metadata.MetadataManager","thread_name":"s0-admin-0","level":"INFO","level_value":20000}
{"@timestamp":"2022-04-08T13:08:44.736+05:30","@version":"1","message":"Unable to start LiveReload server","logger_name":"org.springframework.boot.devtools.autoconfigure.OptionalLiveReloadServer","thread_name":"restartedMain","level":"WARN","level_value":30000}
{"@timestamp":"2022-04-08T13:08:45.366+05:30","@version":"1","message":"Will not secure any request","logger_name":"org.springframework.security.web.DefaultSecurityFilterChain","thread_name":"restartedMain","level":"INFO","level_value":20000}
{"@timestamp":"2022-04-08T13:08:47.021+05:30","@version":"1","message":"Exposing 15 endpoint(s) beneath base path '/actuator'","logger_name":"org.springframework.boot.actuate.endpoint.web.EndpointLinksResolver","thread_name":"restartedMain","level":"INFO","level_value":20000}
{"@timestamp":"2022-04-08T13:08:47.060+05:30","@version":"1","message":"Starting ProtocolHandler [\"http-nio-8082\"]","logger_name":"org.apache.coyote.http11.Http11NioProtocol","thread_name":"restartedMain","level":"INFO","level_value":20000}
{"@timestamp":"2022-04-08T13:08:47.074+05:30","@version":"1","message":"Tomcat started on port(s): 8082 (http) with context path ''","logger_name":"org.springframework.boot.web.embedded.tomcat.TomcatWebServer","thread_name":"restartedMain","level":"INFO","level_value":20000}
{"@timestamp":"2022-04-08T13:08:47.089+05:30","@version":"1","message":"Started UserServiceApplication in 9.575 seconds (JVM running for 11.661)","logger_name":"com.iiht.tweetapp.UserServiceApplication","thread_name":"restartedMain","level":"INFO","level_value":20000}
{"@timestamp":"2022-04-08T13:08:49.007+05:30","@version":"1","message":"Initializing Spring DispatcherServlet 'dispatcherServlet'","logger_name":"org.apache.catalina.core.ContainerBase.[Tomcat].[localhost].[/]","thread_name":"RMI TCP Connection(1)-127.0.0.1","level":"INFO","level_value":20000}
{"@timestamp":"2022-04-08T13:08:49.008+05:30","@version":"1","message":"Initializing Servlet 'dispatcherServlet'","logger_name":"org.springframework.web.servlet.DispatcherServlet","thread_name":"RMI TCP Connection(1)-127.0.0.1","level":"INFO","level_value":20000}
{"@timestamp":"2022-04-08T13:08:49.010+05:30","@version":"1","message":"Completed initialization in 2 ms","logger_name":"org.springframework.web.servlet.DispatcherServlet","thread_name":"RMI TCP Connection(1)-127.0.0.1","level":"INFO","level_value":20000}
{"@timestamp":"2022-04-08T13:19:53.434+05:30","@version":"1","message":"Starting UserServiceApplication using Java 11.0.3 on LTIN304580 with PID 12836 (C:\\Users\\894463\\Downloads\\TweetAppComponent2\\TweetAppComponent2\\UserService\\target\\classes started by 894463 in C:\\Users\\894463\\Downloads\\TweetAppComponent2\\TweetAppComponent2\\UserService)","logger_name":"com.iiht.tweetapp.UserServiceApplication","thread_name":"restartedMain","level":"INFO","level_value":20000}
{"@timestamp":"2022-04-08T13:19:53.435+05:30","@version":"1","message":"No active profile set, falling back to 1 default profile: \"default\"","logger_name":"com.iiht.tweetapp.UserServiceApplication","thread_name":"restartedMain","level":"INFO","level_value":20000}
{"@timestamp":"2022-04-08T13:19:54.137+05:30","@version":"1","message":"Bootstrapping Spring Data Reactive Cassandra repositories in DEFAULT mode.","logger_name":"org.springframework.data.repository.config.RepositoryConfigurationDelegate","thread_name":"restartedMain","level":"INFO","level_value":20000}
{"@timestamp":"2022-04-08T13:19:54.152+05:30","@version":"1","message":"Finished Spring Data repository scanning in 14 ms. Found 0 Reactive Cassandra repository interfaces.","logger_name":"org.springframework.data.repository.config.RepositoryConfigurationDelegate","thread_name":"restartedMain","level":"INFO","level_value":20000}
{"@timestamp":"2022-04-08T13:19:54.155+05:30","@version":"1","message":"Bootstrapping Spring Data Cassandra repositories in DEFAULT mode.","logger_name":"org.springframework.data.repository.config.RepositoryConfigurationDelegate","thread_name":"restartedMain","level":"INFO","level_value":20000}
{"@timestamp":"2022-04-08T13:19:54.173+05:30","@version":"1","message":"Finished Spring Data repository scanning in 17 ms. Found 1 Cassandra repository interfaces.","logger_name":"org.springframework.data.repository.config.RepositoryConfigurationDelegate","thread_name":"restartedMain","level":"INFO","level_value":20000}
{"@timestamp":"2022-04-08T13:19:54.334+05:30","@version":"1","message":"Tomcat initialized with port(s): 8082 (http)","logger_name":"org.springframework.boot.web.embedded.tomcat.TomcatWebServer","thread_name":"restartedMain","level":"INFO","level_value":20000}
{"@timestamp":"2022-04-08T13:19:54.336+05:30","@version":"1","message":"Initializing ProtocolHandler [\"http-nio-8082\"]","logger_name":"org.apache.coyote.http11.Http11NioProtocol","thread_name":"restartedMain","level":"INFO","level_value":20000}
{"@timestamp":"2022-04-08T13:19:54.337+05:30","@version":"1","message":"Starting service [Tomcat]","logger_name":"org.apache.catalina.core.StandardService","thread_name":"restartedMain","level":"INFO","level_value":20000}
{"@timestamp":"2022-04-08T13:19:54.337+05:30","@version":"1","message":"Starting Servlet engine: [Apache Tomcat/9.0.58]","logger_name":"org.apache.catalina.core.StandardEngine","thread_name":"restartedMain","level":"INFO","level_value":20000}
{"@timestamp":"2022-04-08T13:19:54.392+05:30","@version":"1","message":"Initializing Spring embedded WebApplicationContext","logger_name":"org.apache.catalina.core.ContainerBase.[Tomcat].[localhost].[/]","thread_name":"restartedMain","level":"INFO","level_value":20000}
{"@timestamp":"2022-04-08T13:19:54.393+05:30","@version":"1","message":"Root WebApplicationContext: initialization completed in 953 ms","logger_name":"org.springframework.boot.web.servlet.context.ServletWebServerApplicationContext","thread_name":"restartedMain","level":"INFO","level_value":20000}
{"@timestamp":"2022-04-08T13:19:55.593+05:30","@version":"1","message":"Ignoring invalid contact point TweetAppcassandra:9042 (unknown host TweetAppcassandra)","logger_name":"com.datastax.oss.driver.internal.core.ContactPoints","thread_name":"restartedMain","level":"WARN","level_value":30000}
{"@timestamp":"2022-04-08T13:19:55.628+05:30","@version":"1","message":"Using native clock for microsecond precision","logger_name":"com.datastax.oss.driver.internal.core.time.Clock","thread_name":"s1-admin-0","level":"INFO","level_value":20000}
{"@timestamp":"2022-04-08T13:19:55.630+05:30","@version":"1","message":"[s1] No contact points provided, defaulting to /127.0.0.1:9042","logger_name":"com.datastax.oss.driver.internal.core.metadata.MetadataManager","thread_name":"s1-admin-0","level":"INFO","level_value":20000}
{"@timestamp":"2022-04-08T13:19:55.800+05:30","@version":"1","message":"Unable to start LiveReload server","logger_name":"org.springframework.boot.devtools.autoconfigure.OptionalLiveReloadServer","thread_name":"restartedMain","level":"WARN","level_value":30000}
{"@timestamp":"2022-04-08T13:19:55.946+05:30","@version":"1","message":"Will not secure any request","logger_name":"org.springframework.security.web.DefaultSecurityFilterChain","thread_name":"restartedMain","level":"INFO","level_value":20000}
{"@timestamp":"2022-04-08T13:19:56.878+05:30","@version":"1","message":"Exposing 15 endpoint(s) beneath base path '/actuator'","logger_name":"org.springframework.boot.actuate.endpoint.web.EndpointLinksResolver","thread_name":"restartedMain","level":"INFO","level_value":20000}
{"@timestamp":"2022-04-08T13:19:56.911+05:30","@version":"1","message":"Starting ProtocolHandler [\"http-nio-8082\"]","logger_name":"org.apache.coyote.http11.Http11NioProtocol","thread_name":"restartedMain","level":"INFO","level_value":20000}
{"@timestamp":"2022-04-08T13:19:56.916+05:30","@version":"1","message":"Tomcat started on port(s): 8082 (http) with context path ''","logger_name":"org.springframework.boot.web.embedded.tomcat.TomcatWebServer","thread_name":"restartedMain","level":"INFO","level_value":20000}
{"@timestamp":"2022-04-08T13:19:56.927+05:30","@version":"1","message":"Started UserServiceApplication in 3.557 seconds (JVM running for 681.499)","logger_name":"com.iiht.tweetapp.UserServiceApplication","thread_name":"restartedMain","level":"INFO","level_value":20000}
{"@timestamp":"2022-04-08T13:19:56.934+05:30","@version":"1","message":"Condition evaluation unchanged","logger_name":"org.springframework.boot.devtools.autoconfigure.ConditionEvaluationDeltaLoggingListener","thread_name":"restartedMain","level":"INFO","level_value":20000}
