2022-09-08 20:22:57.181  INFO 3376 --- [restartedMain] c.iiht.tweetapp.UserServiceApplication   : Starting UserServiceApplication using Java 11.0.16 on DESKTOP-N8K6OFJ with PID 3376 (E:\TweetApp\sample\TweetAppComponent2\TweetAppComponent2\UserService\target\classes started by AYAN ADAK in E:\TweetApp\sample\TweetAppComponent2\TweetAppComponent2\UserService)
2022-09-08 20:22:57.192  INFO 3376 --- [restartedMain] c.iiht.tweetapp.UserServiceApplication   : No active profile set, falling back to 1 default profile: "default"
2022-09-08 20:22:57.465  INFO 3376 --- [restartedMain] .e.DevToolsPropertyDefaultsPostProcessor : For additional web related logging consider setting the 'logging.level.web' property to 'DEBUG'
2022-09-08 20:23:01.132  INFO 3376 --- [restartedMain] .s.d.r.c.RepositoryConfigurationDelegate : Bootstrapping Spring Data JPA repositories in DEFAULT mode.
2022-09-08 20:23:01.280  INFO 3376 --- [restartedMain] .s.d.r.c.RepositoryConfigurationDelegate : Finished Spring Data repository scanning in 119 ms. Found 1 JPA repository interfaces.
2022-09-08 20:23:03.941  INFO 3376 --- [restartedMain] o.s.b.w.embedded.tomcat.TomcatWebServer  : Tomcat initialized with port(s): 8082 (http)
2022-09-08 20:23:03.965  INFO 3376 --- [restartedMain] o.apache.catalina.core.StandardService   : Starting service [Tomcat]
2022-09-08 20:23:03.966  INFO 3376 --- [restartedMain] org.apache.catalina.core.StandardEngine  : Starting Servlet engine: [Apache Tomcat/9.0.58]
2022-09-08 20:23:04.268  INFO 3376 --- [restartedMain] o.a.c.c.C.[Tomcat].[localhost].[/]       : Initializing Spring embedded WebApplicationContext
2022-09-08 20:23:04.270  INFO 3376 --- [restartedMain] w.s.c.ServletWebServerApplicationContext : Root WebApplicationContext: initialization completed in 6803 ms
2022-09-08 20:23:05.379  INFO 3376 --- [restartedMain] o.hibernate.jpa.internal.util.LogHelper  : HHH000204: Processing PersistenceUnitInfo [name: default]
2022-09-08 20:23:05.565  INFO 3376 --- [restartedMain] org.hibernate.Version                    : HHH000412: Hibernate ORM core version 5.6.5.Final
2022-09-08 20:23:05.997  INFO 3376 --- [restartedMain] o.hibernate.annotations.common.Version   : HCANN000001: Hibernate Commons Annotations {5.1.2.Final}
2022-09-08 20:23:06.338  INFO 3376 --- [restartedMain] com.zaxxer.hikari.HikariDataSource       : HikariPool-1 - Starting...
2022-09-08 20:23:07.431  INFO 3376 --- [restartedMain] com.zaxxer.hikari.HikariDataSource       : HikariPool-1 - Start completed.
2022-09-08 20:23:07.531  INFO 3376 --- [restartedMain] org.hibernate.dialect.Dialect            : HHH000400: Using dialect: org.hibernate.dialect.MySQL8Dialect
2022-09-08 20:23:09.806  INFO 3376 --- [restartedMain] o.h.e.t.j.p.i.JtaPlatformInitiator       : HHH000490: Using JtaPlatform implementation: [org.hibernate.engine.transaction.jta.platform.internal.NoJtaPlatform]
2022-09-08 20:23:09.827  INFO 3376 --- [restartedMain] j.LocalContainerEntityManagerFactoryBean : Initialized JPA EntityManagerFactory for persistence unit 'default'
2022-09-08 20:23:10.115  WARN 3376 --- [restartedMain] JpaBaseConfiguration$JpaWebConfiguration : spring.jpa.open-in-view is enabled by default. Therefore, database queries may be performed during view rendering. Explicitly configure spring.jpa.open-in-view to disable this warning
2022-09-08 20:23:11.037  INFO 3376 --- [restartedMain] o.s.s.web.DefaultSecurityFilterChain     : Will not secure any request
2022-09-08 20:23:13.323  INFO 3376 --- [restartedMain] o.s.b.d.a.OptionalLiveReloadServer       : LiveReload server is running on port 35729
2022-09-08 20:23:13.332  INFO 3376 --- [restartedMain] o.s.b.a.e.web.EndpointLinksResolver      : Exposing 15 endpoint(s) beneath base path '/actuator'
2022-09-08 20:23:13.424  INFO 3376 --- [restartedMain] o.s.b.w.embedded.tomcat.TomcatWebServer  : Tomcat started on port(s): 8082 (http) with context path ''
2022-09-08 20:23:13.444  INFO 3376 --- [restartedMain] c.iiht.tweetapp.UserServiceApplication   : Started UserServiceApplication in 17.44 seconds (JVM running for 29.979)
2022-09-08 20:25:30.143  INFO 3376 --- [SpringApplicationShutdownHook] j.LocalContainerEntityManagerFactoryBean : Closing JPA EntityManagerFactory for persistence unit 'default'
2022-09-08 20:25:30.165  INFO 3376 --- [SpringApplicationShutdownHook] com.zaxxer.hikari.HikariDataSource       : HikariPool-1 - Shutdown initiated...
2022-09-08 20:25:30.218  INFO 3376 --- [SpringApplicationShutdownHook] com.zaxxer.hikari.HikariDataSource       : HikariPool-1 - Shutdown completed.
